# JRE version: Java(TM) SE Runtime Environment (8.0_25-b18) (build 1.8.0_25-b18)
# Java VM: Java HotSpot(TM) 64-Bit Server VM (25.25-b02 mixed mode windows-amd64 compressed oops)
Heap:
 PSYoungGen      total 130560K, used 21398K [0x00000000f5580000, 0x0000000100000000, 0x0000000100000000)
  eden space 109056K, 0% used [0x00000000f5580000,0x00000000f5580000,0x00000000fc000000)
  from space 21504K, 99% used [0x00000000fc000000,0x00000000fd4e5a00,0x00000000fd500000)
  to   space 34304K, 0% used [0x00000000fde80000,0x00000000fde80000,0x0000000100000000)
 ParOldGen       total 349696K, used 335809K [0x00000000e0000000, 0x00000000f5580000, 0x00000000f5580000)
  object space 349696K, 96% used [0x00000000e0000000,0x00000000f47f07a0,0x00000000f5580000)
 Metaspace       used 87491K, capacity 96978K, committed 97280K, reserved 1132544K
  class space    used 11714K, capacity 13444K, committed 13568K, reserved 1048576K
GC Heap History (10 events):
Event: 6129.721 GC heap after
Heap after GC invocations=89 (full 6):
 PSYoungGen      total 140288K, used 11840K [0x00000000f5580000, 0x00000000fff00000, 0x0000000100000000)
  eden space 107008K, 0% used [0x00000000f5580000,0x00000000f5580000,0x00000000fbe00000)
  from space 33280K, 35% used [0x00000000fbe00000,0x00000000fc990040,0x00000000fde80000)
  to   space 31744K, 0% used [0x00000000fe000000,0x00000000fe000000,0x00000000fff00000)
 ParOldGen       total 349696K, used 287694K [0x00000000e0000000, 0x00000000f5580000, 0x00000000f5580000)
  object space 349696K, 82% used [0x00000000e0000000,0x00000000f18f3878,0x00000000f5580000)
 Metaspace       used 85980K, capacity 93642K, committed 93824K, reserved 1130496K
  class space    used 11414K, capacity 12922K, committed 12928K, reserved 1048576K
}
Event: 6130.364 GC heap before
{Heap before GC invocations=90 (full 6):
 PSYoungGen      total 140288K, used 118848K [0x00000000f5580000, 0x00000000fff00000, 0x0000000100000000)
  eden space 107008K, 100% used [0x00000000f5580000,0x00000000fbe00000,0x00000000fbe00000)
  from space 33280K, 35% used [0x00000000fbe00000,0x00000000fc990040,0x00000000fde80000)
  to   space 31744K, 0% used [0x00000000fe000000,0x00000000fe000000,0x00000000fff00000)
 ParOldGen       total 349696K, used 287694K [0x00000000e0000000, 0x00000000f5580000, 0x00000000f5580000)
  object space 349696K, 82% used [0x00000000e0000000,0x00000000f18f3878,0x00000000f5580000)
 Metaspace       used 85988K, capacity 93648K, committed 93824K, reserved 1130496K
  class space    used 11415K, capacity 12923K, committed 12928K, reserved 1048576K
Event: 6130.377 GC heap after
Heap after GC invocations=90 (full 6):
 PSYoungGen      total 140800K, used 2448K [0x00000000f5580000, 0x00000000ffe80000, 0x0000000100000000)
  eden space 109568K, 0% used [0x00000000f5580000,0x00000000f5580000,0x00000000fc080000)
  from space 31232K, 7% used [0x00000000fe000000,0x00000000fe264010,0x00000000ffe80000)
  to   space 31744K, 0% used [0x00000000fc080000,0x00000000fc080000,0x00000000fdf80000)
 ParOldGen       total 349696K, used 298606K [0x00000000e0000000, 0x00000000f5580000, 0x00000000f5580000)
  object space 349696K, 85% used [0x00000000e0000000,0x00000000f239b8f0,0x00000000f5580000)
 Metaspace       used 85988K, capacity 93648K, committed 93824K, reserved 1130496K
  class space    used 11415K, capacity 12923K, committed 12928K, reserved 1048576K
}
Event: 7340.378 GC heap before
{Heap before GC invocations=91 (full 6):
 PSYoungGen      total 140800K, used 112016K [0x00000000f5580000, 0x00000000ffe80000, 0x0000000100000000)
  eden space 109568K, 100% used [0x00000000f5580000,0x00000000fc080000,0x00000000fc080000)
  from space 31232K, 7% used [0x00000000fe000000,0x00000000fe264010,0x00000000ffe80000)
  to   space 31744K, 0% used [0x00000000fc080000,0x00000000fc080000,0x00000000fdf80000)
 ParOldGen       total 349696K, used 298606K [0x00000000e0000000, 0x00000000f5580000, 0x00000000f5580000)
  object space 349696K, 85% used [0x00000000e0000000,0x00000000f239b8f0,0x00000000f5580000)
 Metaspace       used 87074K, capacity 96406K, committed 96640K, reserved 1132544K
  class space    used 11658K, capacity 13360K, committed 13440K, reserved 1048576K
Event: 7340.416 GC heap after
Heap after GC invocations=91 (full 6):
 PSYoungGen      total 141312K, used 17694K [0x00000000f5580000, 0x0000000100000000, 0x0000000100000000)
  eden space 109568K, 0% used [0x00000000f5580000,0x00000000f5580000,0x00000000fc080000)
  from space 31744K, 55% used [0x00000000fc080000,0x00000000fd1c7820,0x00000000fdf80000)
  to   space 31744K, 0% used [0x00000000fe100000,0x00000000fe100000,0x0000000100000000)
 ParOldGen       total 349696K, used 299733K [0x00000000e0000000, 0x00000000f5580000, 0x00000000f5580000)
  object space 349696K, 85% used [0x00000000e0000000,0x00000000f24b5690,0x00000000f5580000)
 Metaspace       used 87074K, capacity 96406K, committed 96640K, reserved 1132544K
  class space    used 11658K, capacity 13360K, committed 13440K, reserved 1048576K
}
Event: 7340.960 GC heap before
{Heap before GC invocations=92 (full 6):
 PSYoungGen      total 141312K, used 127262K [0x00000000f5580000, 0x0000000100000000, 0x0000000100000000)
  eden space 109568K, 100% used [0x00000000f5580000,0x00000000fc080000,0x00000000fc080000)
  from space 31744K, 55% used [0x00000000fc080000,0x00000000fd1c7820,0x00000000fdf80000)
  to   space 31744K, 0% used [0x00000000fe100000,0x00000000fe100000,0x0000000100000000)
 ParOldGen       total 349696K, used 299733K [0x00000000e0000000, 0x00000000f5580000, 0x00000000f5580000)
  object space 349696K, 85% used [0x00000000e0000000,0x00000000f24b5690,0x00000000f5580000)
 Metaspace       used 87114K, capacity 96430K, committed 96640K, reserved 1132544K
  class space    used 11660K, capacity 13364K, committed 13440K, reserved 1048576K
Event: 7341.023 GC heap after
Heap after GC invocations=92 (full 6):
 PSYoungGen      total 140800K, used 20768K [0x00000000f5580000, 0x0000000100000000, 0x0000000100000000)
  eden space 109056K, 0% used [0x00000000f5580000,0x00000000f5580000,0x00000000fc000000)
  from space 31744K, 65% used [0x00000000fe100000,0x00000000ff548030,0x0000000100000000)
  to   space 32768K, 0% used [0x00000000fc000000,0x00000000fc000000,0x00000000fe000000)
 ParOldGen       total 349696K, used 316654K [0x00000000e0000000, 0x00000000f5580000, 0x00000000f5580000)
  object space 349696K, 90% used [0x00000000e0000000,0x00000000f353b870,0x00000000f5580000)
 Metaspace       used 87114K, capacity 96430K, committed 96640K, reserved 1132544K
  class space    used 11660K, capacity 13364K, committed 13440K, reserved 1048576K
}
Event: 7391.100 GC heap before
{Heap before GC invocations=93 (full 6):
 PSYoungGen      total 140800K, used 129824K [0x00000000f5580000, 0x0000000100000000, 0x0000000100000000)
  eden space 109056K, 100% used [0x00000000f5580000,0x00000000fc000000,0x00000000fc000000)
  from space 31744K, 65% used [0x00000000fe100000,0x00000000ff548030,0x0000000100000000)
  to   space 32768K, 0% used [0x00000000fc000000,0x00000000fc000000,0x00000000fe000000)
 ParOldGen       total 349696K, used 316654K [0x00000000e0000000, 0x00000000f5580000, 0x00000000f5580000)
  object space 349696K, 90% used [0x00000000e0000000,0x00000000f353b870,0x00000000f5580000)
 Metaspace       used 87491K, capacity 96978K, committed 97280K, reserved 1132544K
  class space    used 11714K, capacity 13444K, committed 13568K, reserved 1048576K
Event: 7391.143 GC heap after
Heap after GC invocations=93 (full 6):
 PSYoungGen      total 130560K, used 21398K [0x00000000f5580000, 0x0000000100000000, 0x0000000100000000)
  eden space 109056K, 0% used [0x00000000f5580000,0x00000000f5580000,0x00000000fc000000)
  from space 21504K, 99% used [0x00000000fc000000,0x00000000fd4e5a00,0x00000000fd500000)
  to   space 34304K, 0% used [0x00000000fde80000,0x00000000fde80000,0x0000000100000000)
 ParOldGen       total 349696K, used 335809K [0x00000000e0000000, 0x00000000f5580000, 0x00000000f5580000)
  object space 349696K, 96% used [0x00000000e0000000,0x00000000f47f07a0,0x00000000f5580000)
 Metaspace       used 87491K, capacity 96978K, committed 97280K, reserved 1132544K
  class space    used 11714K, capacity 13444K, committed 13568K, reserved 1048576K
}
Event: 7391.143 GC heap before
{Heap before GC invocations=94 (full 7):
 PSYoungGen      total 130560K, used 21398K [0x00000000f5580000, 0x0000000100000000, 0x0000000100000000)
  eden space 109056K, 0% used [0x00000000f5580000,0x00000000f5580000,0x00000000fc000000)
  from space 21504K, 99% used [0x00000000fc000000,0x00000000fd4e5a00,0x00000000fd500000)
  to   space 34304K, 0% used [0x00000000fde80000,0x00000000fde80000,0x0000000100000000)
 ParOldGen       total 349696K, used 335809K [0x00000000e0000000, 0x00000000f5580000, 0x00000000f5580000)
  object space 349696K, 96% used [0x00000000e0000000,0x00000000f47f07a0,0x00000000f5580000)
 Metaspace       used 87491K, capacity 96978K, committed 97280K, reserved 1132544K
  class space    used 11714K, capacity 13444K, committed 13568K, reserved 1048576K

